14:12:01.013 [main] INFO  org.testng.internal.Utils - [TestNG] Time taken by org.testng.internal.ExitCodeListener@5ac7aa18: 1 ms
14:15:22.905 [main] DEBUG org.testng.TestNG - suiteXmlPath: "C:\Users\Hp\AppData\Local\Temp\testng-eclipse-463197799\testng-customsuite.xml"
14:15:23.300 [main] INFO  org.testng.internal.Utils - [Utils] MethodGroupsHelper.collectMethodsByGroup() took 1 ms.
14:15:23.306 [main] INFO  org.testng.internal.Utils - [Utils] MethodGroupsHelper.sortMethods() took 2 ms.
14:15:23.309 [main] INFO  org.testng.internal.Utils - [Utils] MethodGroupsHelper.collectMethodsByGroup() took 0 ms.
14:15:23.309 [main] INFO  org.testng.internal.Utils - [Utils] MethodGroupsHelper.sortMethods() took 0 ms.
14:15:23.310 [main] INFO  org.testng.internal.Utils - [Utils] MethodGroupsHelper.collectMethodsByGroup() took 0 ms.
14:15:23.311 [main] INFO  org.testng.internal.Utils - [Utils] MethodGroupsHelper.sortMethods() took 0 ms.
14:15:23.312 [main] INFO  org.testng.internal.Utils - [Utils] MethodGroupsHelper.collectMethodsByGroup() took 0 ms.
14:15:23.312 [main] INFO  org.testng.internal.Utils - [Utils] MethodGroupsHelper.sortMethods() took 0 ms.
14:15:23.321 [main] INFO  org.testng.internal.Utils - [Utils] MethodGroupsHelper.collectMethodsByGroup() took 4 ms.
14:15:23.337 [main] INFO  org.testng.internal.Utils - [Utils] MethodGroupsHelper.sortMethods() took 15 ms.
14:15:23.339 [main] INFO  org.testng.internal.Utils - [Utils] MethodGroupsHelper.collectMethodsByGroup() took 0 ms.
14:15:23.340 [main] INFO  org.testng.internal.Utils - [Utils] MethodGroupsHelper.sortMethods() took 0 ms.
14:15:23.341 [main] INFO  org.testng.internal.Utils - [Utils] MethodGroupsHelper.collectMethodsByGroup() took 0 ms.
14:15:23.341 [main] INFO  org.testng.internal.Utils - [Utils] MethodGroupsHelper.sortMethods() took 0 ms.
14:15:23.342 [main] INFO  org.testng.internal.Utils - [Utils] MethodGroupsHelper.collectMethodsByGroup() took 0 ms.
14:15:23.342 [main] INFO  org.testng.internal.Utils - [Utils] MethodGroupsHelper.sortMethods() took 0 ms.
14:15:23.345 [main] INFO  org.testng.internal.Utils - [Utils] MethodGroupsHelper.collectMethodsByGroup() took 0 ms.
14:15:23.346 [main] INFO  org.testng.internal.Utils - [Utils] MethodGroupsHelper.sortMethods() took 0 ms.
14:15:23.347 [main] INFO  org.testng.internal.Utils - [Utils] MethodGroupsHelper.collectMethodsByGroup() took 0 ms.
14:15:23.347 [main] INFO  org.testng.internal.Utils - [Utils] MethodGroupsHelper.sortMethods() took 0 ms.
14:15:23.353 [main] INFO  org.testng.internal.Utils - [Utils] MethodGroupsHelper.collectMethodsByGroup() took 0 ms.
14:15:23.353 [main] INFO  org.testng.internal.Utils - [Utils] MethodGroupsHelper.sortMethods() took 0 ms.
14:15:23.353 [main] INFO  org.testng.internal.Utils - [Utils] MethodGroupsHelper.collectMethodsByGroup() took 0 ms.
14:15:23.353 [main] INFO  org.testng.internal.Utils - [Utils] MethodGroupsHelper.sortMethods() took 0 ms.
14:15:23.355 [main] INFO  org.testng.internal.Utils - [Utils] MethodGroupsHelper.collectMethodsByGroup() took 0 ms.
14:15:23.356 [main] INFO  org.testng.internal.Utils - [Utils] MethodGroupsHelper.sortMethods() took 0 ms.
14:15:23.359 [main] INFO  org.testng.internal.Utils - [Utils] MethodGroupsHelper.collectMethodsByGroup() took 0 ms.
14:15:23.359 [main] INFO  org.testng.internal.Utils - [Utils] MethodGroupsHelper.sortMethods() took 0 ms.
14:15:23.359 [main] INFO  org.testng.internal.Utils - [Utils] MethodGroupsHelper.collectMethodsByGroup() took 0 ms.
14:15:23.359 [main] INFO  org.testng.internal.Utils - [Utils] MethodGroupsHelper.sortMethods() took 0 ms.
14:15:23.371 [main] INFO  org.testng.internal.Utils - [TestNG] Running:
  C:\Users\Hp\AppData\Local\Temp\testng-eclipse-463197799\testng-customsuite.xml

14:15:23.409 [main] INFO  org.testng.internal.Utils - [Utils] DynamicGraphHelper.createDynamicGraph() took 14 ms.
14:15:27.047 [main] INFO  testCases.TC001_AccountRegistrationTest - **** TC001_Account Registration Test Started *****
14:15:27.255 [main] INFO  testCases.TC001_AccountRegistrationTest - Clicked on MyAccount Link
14:15:27.704 [main] INFO  testCases.TC001_AccountRegistrationTest - Clicked on Register Link
14:15:27.715 [main] INFO  testCases.TC001_AccountRegistrationTest - Providing Customer Details
14:15:29.784 [main] INFO  testCases.TC001_AccountRegistrationTest - Validating Expected Message
14:15:29.855 [main] INFO  testCases.TC001_AccountRegistrationTest - "**** Finished TC001_Account Registration Test Finished *****"
14:15:31.445 [main] INFO  org.testng.internal.Utils - [TestNG] Time taken by org.testng.reporters.jq.Main@26dcd8c0: 124 ms
14:15:31.447 [main] INFO  org.testng.internal.Utils - [TestNG] Time taken by org.testng.reporters.FailedReporter@66e889df: 1 ms
14:15:31.461 [main] INFO  org.testng.internal.Utils - [TestNG] Time taken by org.testng.reporters.XMLReporter@529cfee5: 13 ms
14:15:31.474 [main] INFO  org.testng.internal.Utils - [TestNG] Time taken by org.testng.reporters.EmailableReporter2@226b143b: 13 ms
14:15:31.483 [main] INFO  org.testng.internal.Utils - [TestNG] Time taken by org.testng.reporters.JUnitReportReporter@7aad3f7d: 7 ms
14:15:31.483 [main] INFO  org.testng.internal.Utils - [TestNG] Time taken by org.testng.internal.ExitCodeListener@6f667ad1: 0 ms
14:16:24.943 [main] DEBUG org.testng.TestNG - suiteXmlPath: "C:\Users\Hp\AppData\Local\Temp\testng-eclipse--64449474\testng-customsuite.xml"
14:16:25.347 [main] INFO  org.testng.internal.Utils - [Utils] MethodGroupsHelper.collectMethodsByGroup() took 0 ms.
14:16:25.353 [main] INFO  org.testng.internal.Utils - [Utils] MethodGroupsHelper.sortMethods() took 2 ms.
14:16:25.356 [main] INFO  org.testng.internal.Utils - [Utils] MethodGroupsHelper.collectMethodsByGroup() took 0 ms.
14:16:25.357 [main] INFO  org.testng.internal.Utils - [Utils] MethodGroupsHelper.sortMethods() took 0 ms.
14:16:25.357 [main] INFO  org.testng.internal.Utils - [Utils] MethodGroupsHelper.collectMethodsByGroup() took 0 ms.
14:16:25.358 [main] INFO  org.testng.internal.Utils - [Utils] MethodGroupsHelper.sortMethods() took 0 ms.
14:16:25.359 [main] INFO  org.testng.internal.Utils - [Utils] MethodGroupsHelper.collectMethodsByGroup() took 0 ms.
14:16:25.359 [main] INFO  org.testng.internal.Utils - [Utils] MethodGroupsHelper.sortMethods() took 0 ms.
14:16:25.366 [main] INFO  org.testng.internal.Utils - [Utils] MethodGroupsHelper.collectMethodsByGroup() took 4 ms.
14:16:25.383 [main] INFO  org.testng.internal.Utils - [Utils] MethodGroupsHelper.sortMethods() took 15 ms.
14:16:25.385 [main] INFO  org.testng.internal.Utils - [Utils] MethodGroupsHelper.collectMethodsByGroup() took 0 ms.
14:16:25.386 [main] INFO  org.testng.internal.Utils - [Utils] MethodGroupsHelper.sortMethods() took 0 ms.
14:16:25.387 [main] INFO  org.testng.internal.Utils - [Utils] MethodGroupsHelper.collectMethodsByGroup() took 0 ms.
14:16:25.387 [main] INFO  org.testng.internal.Utils - [Utils] MethodGroupsHelper.sortMethods() took 0 ms.
14:16:25.388 [main] INFO  org.testng.internal.Utils - [Utils] MethodGroupsHelper.collectMethodsByGroup() took 0 ms.
14:16:25.389 [main] INFO  org.testng.internal.Utils - [Utils] MethodGroupsHelper.sortMethods() took 0 ms.
14:16:25.391 [main] INFO  org.testng.internal.Utils - [Utils] MethodGroupsHelper.collectMethodsByGroup() took 0 ms.
14:16:25.392 [main] INFO  org.testng.internal.Utils - [Utils] MethodGroupsHelper.sortMethods() took 0 ms.
14:16:25.392 [main] INFO  org.testng.internal.Utils - [Utils] MethodGroupsHelper.collectMethodsByGroup() took 0 ms.
14:16:25.393 [main] INFO  org.testng.internal.Utils - [Utils] MethodGroupsHelper.sortMethods() took 0 ms.
14:16:25.398 [main] INFO  org.testng.internal.Utils - [Utils] MethodGroupsHelper.collectMethodsByGroup() took 0 ms.
14:16:25.398 [main] INFO  org.testng.internal.Utils - [Utils] MethodGroupsHelper.sortMethods() took 0 ms.
14:16:25.398 [main] INFO  org.testng.internal.Utils - [Utils] MethodGroupsHelper.collectMethodsByGroup() took 0 ms.
14:16:25.399 [main] INFO  org.testng.internal.Utils - [Utils] MethodGroupsHelper.sortMethods() took 0 ms.
14:16:25.401 [main] INFO  org.testng.internal.Utils - [Utils] MethodGroupsHelper.collectMethodsByGroup() took 0 ms.
14:16:25.401 [main] INFO  org.testng.internal.Utils - [Utils] MethodGroupsHelper.sortMethods() took 0 ms.
14:16:25.403 [main] INFO  org.testng.internal.Utils - [Utils] MethodGroupsHelper.collectMethodsByGroup() took 0 ms.
14:16:25.404 [main] INFO  org.testng.internal.Utils - [Utils] MethodGroupsHelper.sortMethods() took 0 ms.
14:16:25.404 [main] INFO  org.testng.internal.Utils - [Utils] MethodGroupsHelper.collectMethodsByGroup() took 0 ms.
14:16:25.404 [main] INFO  org.testng.internal.Utils - [Utils] MethodGroupsHelper.sortMethods() took 0 ms.
14:16:25.415 [main] INFO  org.testng.internal.Utils - [TestNG] Running:
  C:\Users\Hp\AppData\Local\Temp\testng-eclipse--64449474\testng-customsuite.xml

14:16:25.447 [main] INFO  org.testng.internal.Utils - [Utils] DynamicGraphHelper.createDynamicGraph() took 6 ms.
14:16:28.959 [main] INFO  testCases.TC001_AccountRegistrationTest - **** TC001_Account Registration Test Started *****
14:16:29.163 [main] INFO  testCases.TC001_AccountRegistrationTest - Clicked on MyAccount Link
14:16:29.501 [main] INFO  testCases.TC001_AccountRegistrationTest - Clicked on Register Link
14:16:29.512 [main] INFO  testCases.TC001_AccountRegistrationTest - Providing Customer Details
14:16:31.669 [main] INFO  testCases.TC001_AccountRegistrationTest - Validating Expected Message
14:16:31.729 [main] ERROR testCases.TC001_AccountRegistrationTest - test failed
14:16:31.729 [main] DEBUG testCases.TC001_AccountRegistrationTest - Debug logs....
14:16:33.457 [main] INFO  org.testng.internal.Utils - [TestNG] Time taken by org.testng.reporters.jq.Main@8c46918: 125 ms
14:16:33.479 [main] INFO  org.testng.internal.Utils - [TestNG] Time taken by org.testng.reporters.FailedReporter@37fdfb05: 21 ms
14:16:33.498 [main] INFO  org.testng.internal.Utils - [TestNG] Time taken by org.testng.reporters.XMLReporter@4e628b52: 18 ms
14:16:33.514 [main] INFO  org.testng.internal.Utils - [TestNG] Time taken by org.testng.reporters.EmailableReporter2@281f23f2: 15 ms
14:16:33.525 [main] INFO  org.testng.internal.Utils - [TestNG] Time taken by org.testng.reporters.JUnitReportReporter@13047d7d: 11 ms
14:16:33.526 [main] INFO  org.testng.internal.Utils - [TestNG] Time taken by org.testng.internal.ExitCodeListener@3c7cfcbb: 1 ms
14:17:08.437 [main] DEBUG org.testng.TestNG - suiteXmlPath: "C:\Users\Hp\AppData\Local\Temp\testng-eclipse--1186484536\testng-customsuite.xml"
14:17:08.891 [main] INFO  org.testng.internal.Utils - [Utils] MethodGroupsHelper.collectMethodsByGroup() took 1 ms.
14:17:08.916 [main] INFO  org.testng.internal.Utils - [Utils] MethodGroupsHelper.sortMethods() took 23 ms.
14:17:08.920 [main] INFO  org.testng.internal.Utils - [Utils] MethodGroupsHelper.collectMethodsByGroup() took 0 ms.
14:17:08.920 [main] INFO  org.testng.internal.Utils - [Utils] MethodGroupsHelper.sortMethods() took 0 ms.
14:17:08.926 [main] INFO  org.testng.internal.Utils - [Utils] MethodGroupsHelper.collectMethodsByGroup() took 0 ms.
14:17:08.926 [main] INFO  org.testng.internal.Utils - [Utils] MethodGroupsHelper.sortMethods() took 0 ms.
14:17:08.929 [main] INFO  org.testng.internal.Utils - [Utils] MethodGroupsHelper.collectMethodsByGroup() took 0 ms.
14:17:08.929 [main] INFO  org.testng.internal.Utils - [Utils] MethodGroupsHelper.sortMethods() took 0 ms.
14:17:08.940 [main] INFO  org.testng.internal.Utils - [Utils] MethodGroupsHelper.collectMethodsByGroup() took 3 ms.
14:17:08.954 [main] INFO  org.testng.internal.Utils - [Utils] MethodGroupsHelper.sortMethods() took 12 ms.
14:17:08.956 [main] INFO  org.testng.internal.Utils - [Utils] MethodGroupsHelper.collectMethodsByGroup() took 0 ms.
14:17:08.957 [main] INFO  org.testng.internal.Utils - [Utils] MethodGroupsHelper.sortMethods() took 0 ms.
14:17:08.959 [main] INFO  org.testng.internal.Utils - [Utils] MethodGroupsHelper.collectMethodsByGroup() took 0 ms.
14:17:08.959 [main] INFO  org.testng.internal.Utils - [Utils] MethodGroupsHelper.sortMethods() took 0 ms.
14:17:08.959 [main] INFO  org.testng.internal.Utils - [Utils] MethodGroupsHelper.collectMethodsByGroup() took 0 ms.
14:17:08.959 [main] INFO  org.testng.internal.Utils - [Utils] MethodGroupsHelper.sortMethods() took 0 ms.
14:17:08.963 [main] INFO  org.testng.internal.Utils - [Utils] MethodGroupsHelper.collectMethodsByGroup() took 0 ms.
14:17:08.963 [main] INFO  org.testng.internal.Utils - [Utils] MethodGroupsHelper.sortMethods() took 0 ms.
14:17:08.963 [main] INFO  org.testng.internal.Utils - [Utils] MethodGroupsHelper.collectMethodsByGroup() took 0 ms.
14:17:08.963 [main] INFO  org.testng.internal.Utils - [Utils] MethodGroupsHelper.sortMethods() took 0 ms.
14:17:08.969 [main] INFO  org.testng.internal.Utils - [Utils] MethodGroupsHelper.collectMethodsByGroup() took 0 ms.
14:17:08.969 [main] INFO  org.testng.internal.Utils - [Utils] MethodGroupsHelper.sortMethods() took 0 ms.
14:17:08.969 [main] INFO  org.testng.internal.Utils - [Utils] MethodGroupsHelper.collectMethodsByGroup() took 0 ms.
14:17:08.969 [main] INFO  org.testng.internal.Utils - [Utils] MethodGroupsHelper.sortMethods() took 0 ms.
14:17:08.971 [main] INFO  org.testng.internal.Utils - [Utils] MethodGroupsHelper.collectMethodsByGroup() took 0 ms.
14:17:08.973 [main] INFO  org.testng.internal.Utils - [Utils] MethodGroupsHelper.sortMethods() took 1 ms.
14:17:08.974 [main] INFO  org.testng.internal.Utils - [Utils] MethodGroupsHelper.collectMethodsByGroup() took 0 ms.
14:17:08.974 [main] INFO  org.testng.internal.Utils - [Utils] MethodGroupsHelper.sortMethods() took 0 ms.
14:17:08.974 [main] INFO  org.testng.internal.Utils - [Utils] MethodGroupsHelper.collectMethodsByGroup() took 0 ms.
14:17:08.974 [main] INFO  org.testng.internal.Utils - [Utils] MethodGroupsHelper.sortMethods() took 0 ms.
14:17:08.986 [main] INFO  org.testng.internal.Utils - [TestNG] Running:
  C:\Users\Hp\AppData\Local\Temp\testng-eclipse--1186484536\testng-customsuite.xml

14:17:09.016 [main] INFO  org.testng.internal.Utils - [Utils] DynamicGraphHelper.createDynamicGraph() took 6 ms.
14:17:12.430 [main] INFO  testCases.TC001_AccountRegistrationTest - **** TC001_Account Registration Test Started *****
14:17:12.647 [main] INFO  testCases.TC001_AccountRegistrationTest - Clicked on MyAccount Link
14:17:12.980 [main] INFO  testCases.TC001_AccountRegistrationTest - Clicked on Register Link
14:17:12.982 [main] INFO  testCases.TC001_AccountRegistrationTest - Providing Customer Details
14:17:14.999 [main] INFO  testCases.TC001_AccountRegistrationTest - Validating Expected Message
14:17:15.153 [main] INFO  testCases.TC001_AccountRegistrationTest - "**** Finished TC001_Account Registration Test Finished *****"
14:17:16.721 [main] INFO  org.testng.internal.Utils - [TestNG] Time taken by org.testng.reporters.jq.Main@26dcd8c0: 109 ms
14:17:16.722 [main] INFO  org.testng.internal.Utils - [TestNG] Time taken by org.testng.reporters.FailedReporter@66e889df: 1 ms
14:17:16.739 [main] INFO  org.testng.internal.Utils - [TestNG] Time taken by org.testng.reporters.XMLReporter@529cfee5: 16 ms
14:17:16.751 [main] INFO  org.testng.internal.Utils - [TestNG] Time taken by org.testng.reporters.EmailableReporter2@226b143b: 12 ms
14:17:16.758 [main] INFO  org.testng.internal.Utils - [TestNG] Time taken by org.testng.reporters.JUnitReportReporter@7aad3f7d: 6 ms
14:17:16.758 [main] INFO  org.testng.internal.Utils - [TestNG] Time taken by org.testng.internal.ExitCodeListener@6f667ad1: 0 ms
20:33:49.991 [main] DEBUG org.testng.TestNG - suiteXmlPath: "C:\Users\Hp\eclipse-workspace\OpenCartV122\master.xml"
20:33:50.509 [main] INFO  org.testng.internal.Utils - [TestNG] Running:
  C:\Users\Hp\eclipse-workspace\OpenCartV122\master.xml

20:33:59.348 [main] INFO  testCases.TC001_AccountRegistrationTest - **** TC001_Account Registration Test Started *****
20:33:59.556 [main] INFO  testCases.TC001_AccountRegistrationTest - Clicked on MyAccount Link
20:33:59.879 [main] INFO  testCases.TC001_AccountRegistrationTest - Clicked on Register Link
20:33:59.883 [main] INFO  testCases.TC001_AccountRegistrationTest - Providing Customer Details
20:34:02.110 [main] INFO  testCases.TC001_AccountRegistrationTest - Validating Expected Message
20:34:02.181 [main] INFO  testCases.TC001_AccountRegistrationTest - "**** Finished TC001_Account Registration Test Finished *****"
20:35:10.698 [main] DEBUG org.testng.TestNG - suiteXmlPath: "C:\Users\Hp\eclipse-workspace\OpenCartV122\master.xml"
20:35:11.157 [main] INFO  org.testng.internal.Utils - [TestNG] Running:
  C:\Users\Hp\eclipse-workspace\OpenCartV122\master.xml

20:35:15.455 [main] INFO  testCases.TC001_AccountRegistrationTest - **** TC001_Account Registration Test Started *****
20:35:15.663 [main] INFO  testCases.TC001_AccountRegistrationTest - Clicked on MyAccount Link
20:35:16.007 [main] INFO  testCases.TC001_AccountRegistrationTest - Clicked on Register Link
20:35:16.010 [main] INFO  testCases.TC001_AccountRegistrationTest - Providing Customer Details
20:35:18.232 [main] INFO  testCases.TC001_AccountRegistrationTest - Validating Expected Message
20:35:18.291 [main] INFO  testCases.TC001_AccountRegistrationTest - "**** Finished TC001_Account Registration Test Finished *****"
20:43:24.630 [main] DEBUG org.testng.TestNG - suiteXmlPath: "C:\Users\Hp\eclipse-workspace\OpenCartV122\crossbrowsertesting.xml"
20:43:25.148 [main] INFO  org.testng.internal.Utils - [TestNG] Running:
  C:\Users\Hp\eclipse-workspace\OpenCartV122\crossbrowsertesting.xml

20:43:28.832 [main] INFO  testCases.TC001_AccountRegistrationTest - **** TC001_Account Registration Test Started *****
20:43:29.067 [main] INFO  testCases.TC001_AccountRegistrationTest - Clicked on MyAccount Link
20:43:29.387 [main] INFO  testCases.TC001_AccountRegistrationTest - Clicked on Register Link
20:43:29.393 [main] INFO  testCases.TC001_AccountRegistrationTest - Providing Customer Details
20:43:31.496 [main] INFO  testCases.TC001_AccountRegistrationTest - Validating Expected Message
20:43:31.562 [main] INFO  testCases.TC001_AccountRegistrationTest - "**** Finished TC001_Account Registration Test Finished *****"
20:43:35.041 [main] INFO  testCases.TC001_AccountRegistrationTest - **** TC001_Account Registration Test Started *****
20:43:35.219 [main] INFO  testCases.TC001_AccountRegistrationTest - Clicked on MyAccount Link
20:43:35.577 [main] INFO  testCases.TC001_AccountRegistrationTest - Clicked on Register Link
20:43:35.578 [main] INFO  testCases.TC001_AccountRegistrationTest - Providing Customer Details
20:43:37.413 [main] INFO  testCases.TC001_AccountRegistrationTest - Validating Expected Message
20:43:37.466 [main] INFO  testCases.TC001_AccountRegistrationTest - "**** Finished TC001_Account Registration Test Finished *****"
20:44:18.899 [main] DEBUG org.testng.TestNG - suiteXmlPath: "C:\Users\Hp\eclipse-workspace\OpenCartV122\crossbrowsertesting.xml"
20:44:19.376 [main] INFO  org.testng.internal.Utils - [TestNG] Running:
  C:\Users\Hp\eclipse-workspace\OpenCartV122\crossbrowsertesting.xml

20:44:22.995 [main] INFO  testCases.TC001_AccountRegistrationTest - **** TC001_Account Registration Test Started *****
20:44:23.193 [main] INFO  testCases.TC001_AccountRegistrationTest - Clicked on MyAccount Link
20:44:23.532 [main] INFO  testCases.TC001_AccountRegistrationTest - Clicked on Register Link
20:44:23.539 [main] INFO  testCases.TC001_AccountRegistrationTest - Providing Customer Details
20:44:25.544 [main] INFO  testCases.TC001_AccountRegistrationTest - Validating Expected Message
20:44:25.630 [main] INFO  testCases.TC001_AccountRegistrationTest - "**** Finished TC001_Account Registration Test Finished *****"
20:44:28.644 [main] INFO  testCases.TC001_AccountRegistrationTest - **** TC001_Account Registration Test Started *****
20:44:28.804 [main] INFO  testCases.TC001_AccountRegistrationTest - Clicked on MyAccount Link
20:44:29.138 [main] INFO  testCases.TC001_AccountRegistrationTest - Clicked on Register Link
20:44:29.140 [main] INFO  testCases.TC001_AccountRegistrationTest - Providing Customer Details
20:44:31.096 [main] INFO  testCases.TC001_AccountRegistrationTest - Validating Expected Message
20:44:31.158 [main] INFO  testCases.TC001_AccountRegistrationTest - "**** Finished TC001_Account Registration Test Finished *****"
20:46:46.250 [main] DEBUG org.testng.TestNG - suiteXmlPath: "C:\Users\Hp\eclipse-workspace\OpenCartV122\crossbrowsertesting.xml"
20:46:46.760 [main] INFO  org.testng.internal.Utils - [TestNG] Running:
  C:\Users\Hp\eclipse-workspace\OpenCartV122\crossbrowsertesting.xml

20:46:52.333 [TestNG-tests-2] INFO  testCases.TC001_AccountRegistrationTest - **** TC001_Account Registration Test Started *****
20:46:52.348 [TestNG-tests-1] INFO  testCases.TC001_AccountRegistrationTest - **** TC001_Account Registration Test Started *****
20:46:52.722 [TestNG-tests-1] INFO  testCases.TC001_AccountRegistrationTest - Clicked on MyAccount Link
20:46:52.746 [TestNG-tests-2] INFO  testCases.TC001_AccountRegistrationTest - Clicked on MyAccount Link
20:46:53.210 [TestNG-tests-1] INFO  testCases.TC001_AccountRegistrationTest - Clicked on Register Link
20:46:53.214 [TestNG-tests-1] INFO  testCases.TC001_AccountRegistrationTest - Providing Customer Details
20:46:53.263 [TestNG-tests-2] INFO  testCases.TC001_AccountRegistrationTest - Clicked on Register Link
20:46:53.269 [TestNG-tests-2] INFO  testCases.TC001_AccountRegistrationTest - Providing Customer Details
20:46:55.864 [TestNG-tests-1] INFO  testCases.TC001_AccountRegistrationTest - Validating Expected Message
20:46:55.889 [TestNG-tests-2] INFO  testCases.TC001_AccountRegistrationTest - Validating Expected Message
20:46:55.947 [TestNG-tests-1] INFO  testCases.TC001_AccountRegistrationTest - "**** Finished TC001_Account Registration Test Finished *****"
20:46:55.969 [TestNG-tests-2] INFO  testCases.TC001_AccountRegistrationTest - "**** Finished TC001_Account Registration Test Finished *****"
21:15:16.530 [main] DEBUG org.testng.TestNG - suiteXmlPath: "C:\Users\Hp\eclipse-workspace\OpenCartV122\master.xml"
21:15:16.980 [main] INFO  org.testng.internal.Utils - [TestNG] Running:
  C:\Users\Hp\eclipse-workspace\OpenCartV122\master.xml

21:15:20.542 [main] INFO  testCases.TC001_AccountRegistrationTest - **** TC001_Account Registration Test Started *****
21:15:20.729 [main] INFO  testCases.TC001_AccountRegistrationTest - Clicked on MyAccount Link
21:15:21.066 [main] INFO  testCases.TC001_AccountRegistrationTest - Clicked on Register Link
21:15:21.068 [main] INFO  testCases.TC001_AccountRegistrationTest - Providing Customer Details
21:15:23.192 [main] INFO  testCases.TC001_AccountRegistrationTest - Validating Expected Message
21:15:23.251 [main] INFO  testCases.TC001_AccountRegistrationTest - "**** Finished TC001_Account Registration Test Finished *****"
12:20:39.870 [main] DEBUG org.testng.TestNG - suiteXmlPath: "C:\Users\Hp\eclipse-workspace\OpenCartV122\master.xml"
12:21:22.639 [main] DEBUG org.testng.TestNG - suiteXmlPath: "C:\Users\Hp\eclipse-workspace\OpenCartV122\master.xml"
12:23:11.018 [main] DEBUG org.testng.TestNG - suiteXmlPath: "C:\Users\Hp\eclipse-workspace\OpenCartV122\master.xml"
12:24:14.136 [main] DEBUG org.testng.TestNG - suiteXmlPath: "C:\Users\Hp\eclipse-workspace\OpenCartV122\master.xml"
12:24:39.795 [main] DEBUG org.testng.TestNG - suiteXmlPath: "C:\Users\Hp\eclipse-workspace\OpenCartV122\master.xml"
12:25:11.002 [main] DEBUG org.testng.TestNG - suiteXmlPath: "C:\Users\Hp\eclipse-workspace\OpenCartV122\master.xml"
12:25:11.457 [main] INFO  org.testng.internal.Utils - [TestNG] Running:
  C:\Users\Hp\eclipse-workspace\OpenCartV122\master.xml

12:25:16.690 [main] INFO  testCases.TC001_AccountRegistrationTest - **** TC001_Account Registration Test Started *****
12:25:16.877 [main] INFO  testCases.TC001_AccountRegistrationTest - Clicked on MyAccount Link
12:25:17.160 [main] INFO  testCases.TC001_AccountRegistrationTest - Clicked on Register Link
12:25:17.166 [main] INFO  testCases.TC001_AccountRegistrationTest - Providing Customer Details
12:25:18.935 [main] INFO  testCases.TC001_AccountRegistrationTest - Validating Expected Message
12:25:18.992 [main] INFO  testCases.TC001_AccountRegistrationTest - "**** Finished TC001_Account Registration Test Finished *****"
12:27:05.817 [main] DEBUG org.testng.TestNG - suiteXmlPath: "C:\Users\Hp\eclipse-workspace\OpenCartV122\master.xml"
12:27:06.211 [main] INFO  org.testng.internal.Utils - [TestNG] Running:
  C:\Users\Hp\eclipse-workspace\OpenCartV122\master.xml

12:28:30.440 [main] DEBUG org.testng.TestNG - suiteXmlPath: "C:\Users\Hp\eclipse-workspace\OpenCartV122\master.xml"
12:28:30.829 [main] INFO  org.testng.internal.Utils - [TestNG] Running:
  C:\Users\Hp\eclipse-workspace\OpenCartV122\master.xml

12:32:15.569 [main] DEBUG org.testng.TestNG - suiteXmlPath: "C:\Users\Hp\eclipse-workspace\OpenCartV122\src\test\java\testCases\testng.xml"
12:35:16.423 [main] DEBUG org.testng.TestNG - suiteXmlPath: "C:\Users\Hp\eclipse-workspace\OpenCartV122\master.xml"
12:35:57.949 [main] DEBUG org.testng.TestNG - suiteXmlPath: "C:\Users\Hp\eclipse-workspace\OpenCartV122\master.xml"
12:36:48.127 [main] DEBUG org.testng.TestNG - suiteXmlPath: "C:\Users\Hp\eclipse-workspace\OpenCartV122\master.xml"
12:36:48.497 [main] INFO  org.testng.internal.Utils - [TestNG] Running:
  C:\Users\Hp\eclipse-workspace\OpenCartV122\master.xml

12:40:20.847 [main] DEBUG org.testng.TestNG - suiteXmlPath: "C:\Users\Hp\eclipse-workspace\OpenCartV122\master.xml"
12:40:21.248 [main] INFO  org.testng.internal.Utils - [TestNG] Running:
  C:\Users\Hp\eclipse-workspace\OpenCartV122\master.xml

12:41:30.347 [main] DEBUG org.testng.TestNG - suiteXmlPath: "C:\Users\Hp\eclipse-workspace\OpenCartV122\master.xml"
12:42:12.451 [main] DEBUG org.testng.TestNG - suiteXmlPath: "C:\Users\Hp\eclipse-workspace\OpenCartV122\master.xml"
12:42:12.815 [main] INFO  org.testng.internal.Utils - [TestNG] Running:
  C:\Users\Hp\eclipse-workspace\OpenCartV122\master.xml

12:42:53.782 [main] DEBUG org.testng.TestNG - suiteXmlPath: "C:\Users\Hp\eclipse-workspace\OpenCartV122\master.xml"
12:42:54.181 [main] INFO  org.testng.internal.Utils - [TestNG] Running:
  C:\Users\Hp\eclipse-workspace\OpenCartV122\master.xml

12:45:52.916 [main] DEBUG org.testng.TestNG - suiteXmlPath: "C:\Users\Hp\eclipse-workspace\OpenCartV122\testng.xml"
12:45:53.303 [main] INFO  org.testng.internal.Utils - [TestNG] Running:
  C:\Users\Hp\eclipse-workspace\OpenCartV122\testng.xml

12:46:16.034 [main] DEBUG org.testng.TestNG - suiteXmlPath: "C:\Users\Hp\eclipse-workspace\OpenCartV122\master.xml"
12:46:16.437 [main] INFO  org.testng.internal.Utils - [TestNG] Running:
  C:\Users\Hp\eclipse-workspace\OpenCartV122\master.xml

12:46:19.930 [main] INFO  testCases.TC001_AccountRegistrationTest - **** TC001_Account Registration Test Started *****
12:46:20.154 [main] INFO  testCases.TC001_AccountRegistrationTest - Clicked on MyAccount Link
12:46:20.482 [main] INFO  testCases.TC001_AccountRegistrationTest - Clicked on Register Link
12:46:20.493 [main] INFO  testCases.TC001_AccountRegistrationTest - Providing Customer Details
12:46:21.814 [main] INFO  testCases.TC001_AccountRegistrationTest - Validating Expected Message
12:46:21.854 [main] INFO  testCases.TC001_AccountRegistrationTest - "**** Finished TC001_Account Registration Test Finished *****"
12:47:34.694 [main] DEBUG org.testng.TestNG - suiteXmlPath: "C:\Users\Hp\eclipse-workspace\OpenCartV122\master.xml"
12:47:35.087 [main] INFO  org.testng.internal.Utils - [TestNG] Running:
  C:\Users\Hp\eclipse-workspace\OpenCartV122\master.xml

12:51:09.987 [main] DEBUG org.testng.TestNG - suiteXmlPath: "C:\Users\Hp\eclipse-workspace\OpenCartV122\master.xml"
12:51:10.379 [main] INFO  org.testng.internal.Utils - [TestNG] Running:
  C:\Users\Hp\eclipse-workspace\OpenCartV122\master.xml

12:53:31.515 [main] DEBUG org.testng.TestNG - suiteXmlPath: "C:\Users\Hp\eclipse-workspace\OpenCartV122\master.xml"
12:53:31.918 [main] INFO  org.testng.internal.Utils - [TestNG] Running:
  C:\Users\Hp\eclipse-workspace\OpenCartV122\master.xml

12:53:35.011 [main] INFO  testCases.TC002_LoginTest - **** TC002 Login_Test Started
12:53:36.514 [main] INFO  testCases.TC002_LoginTest - *** TC002 Login_Test Ends
18:15:30.511 [main] DEBUG org.testng.TestNG - suiteXmlPath: "C:\Users\Hp\eclipse-workspace\OpenCartV122\master.xml"
18:15:31.030 [main] INFO  org.testng.internal.Utils - [TestNG] Running:
  C:\Users\Hp\eclipse-workspace\OpenCartV122\master.xml

18:15:37.298 [main] INFO  testCases.TC002_LoginTest - **** TC002 Login_Test Started
18:15:38.952 [main] INFO  testCases.TC002_LoginTest - *** TC002 Login_Test Ends
09:29:01.092 [main] DEBUG org.testng.TestNG - suiteXmlPath: "C:\Users\Hp\eclipse-workspace\OpenCartV122\master.xml"
09:29:01.537 [main] INFO  org.testng.internal.Utils - [TestNG] Running:
  C:\Users\Hp\eclipse-workspace\OpenCartV122\master.xml

09:29:06.425 [main] DEBUG org.apache.poi.openxml4j.opc.PackageRelationshipCollection - Parsing relationship: /xl/_rels/workbook.xml.rels
09:29:06.429 [main] DEBUG org.apache.poi.openxml4j.opc.PackageRelationshipCollection - Parsing relationship: /xl/worksheets/_rels/sheet1.xml.rels
09:29:06.431 [main] DEBUG org.apache.poi.openxml4j.opc.PackageRelationshipCollection - Parsing relationship: /_rels/.rels
09:29:07.187 [main] DEBUG org.apache.poi.openxml4j.opc.PackageRelationshipCollection - Parsing relationship: /xl/_rels/workbook.xml.rels
09:29:07.189 [main] DEBUG org.apache.poi.openxml4j.opc.PackageRelationshipCollection - Parsing relationship: /xl/worksheets/_rels/sheet1.xml.rels
09:29:07.190 [main] DEBUG org.apache.poi.openxml4j.opc.PackageRelationshipCollection - Parsing relationship: /_rels/.rels
09:29:07.229 [main] DEBUG org.apache.poi.openxml4j.opc.PackageRelationshipCollection - Parsing relationship: /xl/_rels/workbook.xml.rels
09:29:07.231 [main] DEBUG org.apache.poi.openxml4j.opc.PackageRelationshipCollection - Parsing relationship: /xl/worksheets/_rels/sheet1.xml.rels
09:29:07.232 [main] DEBUG org.apache.poi.openxml4j.opc.PackageRelationshipCollection - Parsing relationship: /_rels/.rels
09:29:07.283 [main] DEBUG org.apache.poi.openxml4j.opc.PackageRelationshipCollection - Parsing relationship: /xl/_rels/workbook.xml.rels
09:29:07.285 [main] DEBUG org.apache.poi.openxml4j.opc.PackageRelationshipCollection - Parsing relationship: /xl/worksheets/_rels/sheet1.xml.rels
09:29:07.286 [main] DEBUG org.apache.poi.openxml4j.opc.PackageRelationshipCollection - Parsing relationship: /_rels/.rels
09:29:07.317 [main] DEBUG org.apache.poi.openxml4j.opc.PackageRelationshipCollection - Parsing relationship: /xl/_rels/workbook.xml.rels
09:29:07.318 [main] DEBUG org.apache.poi.openxml4j.opc.PackageRelationshipCollection - Parsing relationship: /xl/worksheets/_rels/sheet1.xml.rels
09:29:07.319 [main] DEBUG org.apache.poi.openxml4j.opc.PackageRelationshipCollection - Parsing relationship: /_rels/.rels
09:29:07.351 [main] DEBUG org.apache.poi.openxml4j.opc.PackageRelationshipCollection - Parsing relationship: /xl/_rels/workbook.xml.rels
09:29:07.352 [main] DEBUG org.apache.poi.openxml4j.opc.PackageRelationshipCollection - Parsing relationship: /xl/worksheets/_rels/sheet1.xml.rels
09:29:07.353 [main] DEBUG org.apache.poi.openxml4j.opc.PackageRelationshipCollection - Parsing relationship: /_rels/.rels
09:29:07.380 [main] DEBUG org.apache.poi.openxml4j.opc.PackageRelationshipCollection - Parsing relationship: /xl/_rels/workbook.xml.rels
09:29:07.382 [main] DEBUG org.apache.poi.openxml4j.opc.PackageRelationshipCollection - Parsing relationship: /xl/worksheets/_rels/sheet1.xml.rels
09:29:07.383 [main] DEBUG org.apache.poi.openxml4j.opc.PackageRelationshipCollection - Parsing relationship: /_rels/.rels
09:29:07.415 [main] DEBUG org.apache.poi.openxml4j.opc.PackageRelationshipCollection - Parsing relationship: /xl/_rels/workbook.xml.rels
09:29:07.417 [main] DEBUG org.apache.poi.openxml4j.opc.PackageRelationshipCollection - Parsing relationship: /xl/worksheets/_rels/sheet1.xml.rels
09:29:07.418 [main] DEBUG org.apache.poi.openxml4j.opc.PackageRelationshipCollection - Parsing relationship: /_rels/.rels
09:29:07.447 [main] DEBUG org.apache.poi.openxml4j.opc.PackageRelationshipCollection - Parsing relationship: /xl/_rels/workbook.xml.rels
09:29:07.449 [main] DEBUG org.apache.poi.openxml4j.opc.PackageRelationshipCollection - Parsing relationship: /xl/worksheets/_rels/sheet1.xml.rels
09:29:07.450 [main] DEBUG org.apache.poi.openxml4j.opc.PackageRelationshipCollection - Parsing relationship: /_rels/.rels
09:29:07.479 [main] DEBUG org.apache.poi.openxml4j.opc.PackageRelationshipCollection - Parsing relationship: /xl/_rels/workbook.xml.rels
09:29:07.481 [main] DEBUG org.apache.poi.openxml4j.opc.PackageRelationshipCollection - Parsing relationship: /xl/worksheets/_rels/sheet1.xml.rels
09:29:07.482 [main] DEBUG org.apache.poi.openxml4j.opc.PackageRelationshipCollection - Parsing relationship: /_rels/.rels
09:29:07.507 [main] DEBUG org.apache.poi.openxml4j.opc.PackageRelationshipCollection - Parsing relationship: /xl/_rels/workbook.xml.rels
09:29:07.508 [main] DEBUG org.apache.poi.openxml4j.opc.PackageRelationshipCollection - Parsing relationship: /xl/worksheets/_rels/sheet1.xml.rels
09:29:07.509 [main] DEBUG org.apache.poi.openxml4j.opc.PackageRelationshipCollection - Parsing relationship: /_rels/.rels
09:29:07.535 [main] DEBUG org.apache.poi.openxml4j.opc.PackageRelationshipCollection - Parsing relationship: /xl/_rels/workbook.xml.rels
09:29:07.537 [main] DEBUG org.apache.poi.openxml4j.opc.PackageRelationshipCollection - Parsing relationship: /xl/worksheets/_rels/sheet1.xml.rels
09:29:07.538 [main] DEBUG org.apache.poi.openxml4j.opc.PackageRelationshipCollection - Parsing relationship: /_rels/.rels
09:29:07.565 [main] DEBUG org.apache.poi.openxml4j.opc.PackageRelationshipCollection - Parsing relationship: /xl/_rels/workbook.xml.rels
09:29:07.567 [main] DEBUG org.apache.poi.openxml4j.opc.PackageRelationshipCollection - Parsing relationship: /xl/worksheets/_rels/sheet1.xml.rels
09:29:07.568 [main] DEBUG org.apache.poi.openxml4j.opc.PackageRelationshipCollection - Parsing relationship: /_rels/.rels
09:29:07.594 [main] DEBUG org.apache.poi.openxml4j.opc.PackageRelationshipCollection - Parsing relationship: /xl/_rels/workbook.xml.rels
09:29:07.596 [main] DEBUG org.apache.poi.openxml4j.opc.PackageRelationshipCollection - Parsing relationship: /xl/worksheets/_rels/sheet1.xml.rels
09:29:07.597 [main] DEBUG org.apache.poi.openxml4j.opc.PackageRelationshipCollection - Parsing relationship: /_rels/.rels
09:29:07.622 [main] DEBUG org.apache.poi.openxml4j.opc.PackageRelationshipCollection - Parsing relationship: /xl/_rels/workbook.xml.rels
09:29:07.623 [main] DEBUG org.apache.poi.openxml4j.opc.PackageRelationshipCollection - Parsing relationship: /xl/worksheets/_rels/sheet1.xml.rels
09:29:07.624 [main] DEBUG org.apache.poi.openxml4j.opc.PackageRelationshipCollection - Parsing relationship: /_rels/.rels
09:29:07.650 [main] DEBUG org.apache.poi.openxml4j.opc.PackageRelationshipCollection - Parsing relationship: /xl/_rels/workbook.xml.rels
09:29:07.651 [main] DEBUG org.apache.poi.openxml4j.opc.PackageRelationshipCollection - Parsing relationship: /xl/worksheets/_rels/sheet1.xml.rels
09:29:07.652 [main] DEBUG org.apache.poi.openxml4j.opc.PackageRelationshipCollection - Parsing relationship: /_rels/.rels
09:29:07.683 [main] DEBUG org.apache.poi.openxml4j.opc.PackageRelationshipCollection - Parsing relationship: /xl/_rels/workbook.xml.rels
09:29:07.684 [main] DEBUG org.apache.poi.openxml4j.opc.PackageRelationshipCollection - Parsing relationship: /xl/worksheets/_rels/sheet1.xml.rels
09:29:07.684 [main] DEBUG org.apache.poi.openxml4j.opc.PackageRelationshipCollection - Parsing relationship: /_rels/.rels
09:29:07.722 [main] INFO  testCases.TC003_LoginDDT - ***** Started TC003_Login_Test*******
09:29:09.466 [main] INFO  testCases.TC003_LoginDDT - ***** Finished TC003 Login Test ******
09:29:09.479 [main] INFO  testCases.TC003_LoginDDT - ***** Started TC003_Login_Test*******
09:29:11.120 [main] INFO  testCases.TC003_LoginDDT - ***** Started TC003_Login_Test*******
09:29:12.793 [main] INFO  testCases.TC003_LoginDDT - ***** Started TC003_Login_Test*******
09:29:14.340 [main] INFO  testCases.TC003_LoginDDT - ***** Started TC003_Login_Test*******
09:35:46.187 [main] DEBUG org.testng.TestNG - suiteXmlPath: "C:\Users\Hp\eclipse-workspace\OpenCartV122\master.xml"
09:35:46.599 [main] INFO  org.testng.internal.Utils - [TestNG] Running:
  C:\Users\Hp\eclipse-workspace\OpenCartV122\master.xml

09:35:49.695 [main] DEBUG org.apache.poi.openxml4j.opc.PackageRelationshipCollection - Parsing relationship: /xl/_rels/workbook.xml.rels
09:35:49.701 [main] DEBUG org.apache.poi.openxml4j.opc.PackageRelationshipCollection - Parsing relationship: /xl/worksheets/_rels/sheet1.xml.rels
09:35:49.711 [main] DEBUG org.apache.poi.openxml4j.opc.PackageRelationshipCollection - Parsing relationship: /_rels/.rels
09:35:50.380 [main] DEBUG org.apache.poi.openxml4j.opc.PackageRelationshipCollection - Parsing relationship: /xl/_rels/workbook.xml.rels
09:35:50.382 [main] DEBUG org.apache.poi.openxml4j.opc.PackageRelationshipCollection - Parsing relationship: /xl/worksheets/_rels/sheet1.xml.rels
09:35:50.384 [main] DEBUG org.apache.poi.openxml4j.opc.PackageRelationshipCollection - Parsing relationship: /_rels/.rels
09:35:50.427 [main] DEBUG org.apache.poi.openxml4j.opc.PackageRelationshipCollection - Parsing relationship: /xl/_rels/workbook.xml.rels
09:35:50.429 [main] DEBUG org.apache.poi.openxml4j.opc.PackageRelationshipCollection - Parsing relationship: /xl/worksheets/_rels/sheet1.xml.rels
09:35:50.430 [main] DEBUG org.apache.poi.openxml4j.opc.PackageRelationshipCollection - Parsing relationship: /_rels/.rels
09:35:50.473 [main] DEBUG org.apache.poi.openxml4j.opc.PackageRelationshipCollection - Parsing relationship: /xl/_rels/workbook.xml.rels
09:35:50.475 [main] DEBUG org.apache.poi.openxml4j.opc.PackageRelationshipCollection - Parsing relationship: /xl/worksheets/_rels/sheet1.xml.rels
09:35:50.477 [main] DEBUG org.apache.poi.openxml4j.opc.PackageRelationshipCollection - Parsing relationship: /_rels/.rels
09:35:50.510 [main] DEBUG org.apache.poi.openxml4j.opc.PackageRelationshipCollection - Parsing relationship: /xl/_rels/workbook.xml.rels
09:35:50.511 [main] DEBUG org.apache.poi.openxml4j.opc.PackageRelationshipCollection - Parsing relationship: /xl/worksheets/_rels/sheet1.xml.rels
09:35:50.513 [main] DEBUG org.apache.poi.openxml4j.opc.PackageRelationshipCollection - Parsing relationship: /_rels/.rels
09:35:50.541 [main] DEBUG org.apache.poi.openxml4j.opc.PackageRelationshipCollection - Parsing relationship: /xl/_rels/workbook.xml.rels
09:35:50.543 [main] DEBUG org.apache.poi.openxml4j.opc.PackageRelationshipCollection - Parsing relationship: /xl/worksheets/_rels/sheet1.xml.rels
09:35:50.545 [main] DEBUG org.apache.poi.openxml4j.opc.PackageRelationshipCollection - Parsing relationship: /_rels/.rels
09:35:50.575 [main] DEBUG org.apache.poi.openxml4j.opc.PackageRelationshipCollection - Parsing relationship: /xl/_rels/workbook.xml.rels
09:35:50.576 [main] DEBUG org.apache.poi.openxml4j.opc.PackageRelationshipCollection - Parsing relationship: /xl/worksheets/_rels/sheet1.xml.rels
09:35:50.577 [main] DEBUG org.apache.poi.openxml4j.opc.PackageRelationshipCollection - Parsing relationship: /_rels/.rels
09:35:50.606 [main] DEBUG org.apache.poi.openxml4j.opc.PackageRelationshipCollection - Parsing relationship: /xl/_rels/workbook.xml.rels
09:35:50.608 [main] DEBUG org.apache.poi.openxml4j.opc.PackageRelationshipCollection - Parsing relationship: /xl/worksheets/_rels/sheet1.xml.rels
09:35:50.609 [main] DEBUG org.apache.poi.openxml4j.opc.PackageRelationshipCollection - Parsing relationship: /_rels/.rels
09:35:50.635 [main] DEBUG org.apache.poi.openxml4j.opc.PackageRelationshipCollection - Parsing relationship: /xl/_rels/workbook.xml.rels
09:35:50.636 [main] DEBUG org.apache.poi.openxml4j.opc.PackageRelationshipCollection - Parsing relationship: /xl/worksheets/_rels/sheet1.xml.rels
09:35:50.637 [main] DEBUG org.apache.poi.openxml4j.opc.PackageRelationshipCollection - Parsing relationship: /_rels/.rels
09:35:50.664 [main] DEBUG org.apache.poi.openxml4j.opc.PackageRelationshipCollection - Parsing relationship: /xl/_rels/workbook.xml.rels
09:35:50.665 [main] DEBUG org.apache.poi.openxml4j.opc.PackageRelationshipCollection - Parsing relationship: /xl/worksheets/_rels/sheet1.xml.rels
09:35:50.666 [main] DEBUG org.apache.poi.openxml4j.opc.PackageRelationshipCollection - Parsing relationship: /_rels/.rels
09:35:50.690 [main] DEBUG org.apache.poi.openxml4j.opc.PackageRelationshipCollection - Parsing relationship: /xl/_rels/workbook.xml.rels
09:35:50.691 [main] DEBUG org.apache.poi.openxml4j.opc.PackageRelationshipCollection - Parsing relationship: /xl/worksheets/_rels/sheet1.xml.rels
09:35:50.692 [main] DEBUG org.apache.poi.openxml4j.opc.PackageRelationshipCollection - Parsing relationship: /_rels/.rels
09:35:50.724 [main] DEBUG org.apache.poi.openxml4j.opc.PackageRelationshipCollection - Parsing relationship: /xl/_rels/workbook.xml.rels
09:35:50.725 [main] DEBUG org.apache.poi.openxml4j.opc.PackageRelationshipCollection - Parsing relationship: /xl/worksheets/_rels/sheet1.xml.rels
09:35:50.726 [main] DEBUG org.apache.poi.openxml4j.opc.PackageRelationshipCollection - Parsing relationship: /_rels/.rels
09:35:50.749 [main] DEBUG org.apache.poi.openxml4j.opc.PackageRelationshipCollection - Parsing relationship: /xl/_rels/workbook.xml.rels
09:35:50.750 [main] DEBUG org.apache.poi.openxml4j.opc.PackageRelationshipCollection - Parsing relationship: /xl/worksheets/_rels/sheet1.xml.rels
09:35:50.751 [main] DEBUG org.apache.poi.openxml4j.opc.PackageRelationshipCollection - Parsing relationship: /_rels/.rels
09:35:50.775 [main] DEBUG org.apache.poi.openxml4j.opc.PackageRelationshipCollection - Parsing relationship: /xl/_rels/workbook.xml.rels
09:35:50.776 [main] DEBUG org.apache.poi.openxml4j.opc.PackageRelationshipCollection - Parsing relationship: /xl/worksheets/_rels/sheet1.xml.rels
09:35:50.778 [main] DEBUG org.apache.poi.openxml4j.opc.PackageRelationshipCollection - Parsing relationship: /_rels/.rels
09:35:50.800 [main] DEBUG org.apache.poi.openxml4j.opc.PackageRelationshipCollection - Parsing relationship: /xl/_rels/workbook.xml.rels
09:35:50.801 [main] DEBUG org.apache.poi.openxml4j.opc.PackageRelationshipCollection - Parsing relationship: /xl/worksheets/_rels/sheet1.xml.rels
09:35:50.802 [main] DEBUG org.apache.poi.openxml4j.opc.PackageRelationshipCollection - Parsing relationship: /_rels/.rels
09:35:50.823 [main] DEBUG org.apache.poi.openxml4j.opc.PackageRelationshipCollection - Parsing relationship: /xl/_rels/workbook.xml.rels
09:35:50.823 [main] DEBUG org.apache.poi.openxml4j.opc.PackageRelationshipCollection - Parsing relationship: /xl/worksheets/_rels/sheet1.xml.rels
09:35:50.824 [main] DEBUG org.apache.poi.openxml4j.opc.PackageRelationshipCollection - Parsing relationship: /_rels/.rels
09:35:50.850 [main] DEBUG org.apache.poi.openxml4j.opc.PackageRelationshipCollection - Parsing relationship: /xl/_rels/workbook.xml.rels
09:35:50.851 [main] DEBUG org.apache.poi.openxml4j.opc.PackageRelationshipCollection - Parsing relationship: /xl/worksheets/_rels/sheet1.xml.rels
09:35:50.852 [main] DEBUG org.apache.poi.openxml4j.opc.PackageRelationshipCollection - Parsing relationship: /_rels/.rels
09:35:50.919 [main] INFO  testCases.TC003_LoginDDT - ***** Started TC003_Login_Test*******
09:35:52.853 [main] INFO  testCases.TC003_LoginDDT - ***** Finished TC003 Login Test ******
09:35:52.864 [main] INFO  testCases.TC003_LoginDDT - ***** Started TC003_Login_Test*******
09:35:54.433 [main] INFO  testCases.TC003_LoginDDT - ***** Started TC003_Login_Test*******
09:35:56.016 [main] INFO  testCases.TC003_LoginDDT - ***** Started TC003_Login_Test*******
09:35:57.537 [main] INFO  testCases.TC003_LoginDDT - ***** Started TC003_Login_Test*******
09:39:06.373 [main] DEBUG org.testng.TestNG - suiteXmlPath: "C:\Users\Hp\eclipse-workspace\OpenCartV122\master.xml"
09:39:06.787 [main] INFO  org.testng.internal.Utils - [TestNG] Running:
  C:\Users\Hp\eclipse-workspace\OpenCartV122\master.xml

09:39:10.060 [main] DEBUG org.apache.poi.openxml4j.opc.PackageRelationshipCollection - Parsing relationship: /_rels/.rels
09:39:58.999 [main] DEBUG org.testng.TestNG - suiteXmlPath: "C:\Users\Hp\eclipse-workspace\OpenCartV122\master.xml"
09:39:59.432 [main] INFO  org.testng.internal.Utils - [TestNG] Running:
  C:\Users\Hp\eclipse-workspace\OpenCartV122\master.xml

09:40:03.121 [main] DEBUG org.apache.poi.openxml4j.opc.PackageRelationshipCollection - Parsing relationship: /_rels/.rels
09:41:58.542 [main] DEBUG org.testng.TestNG - suiteXmlPath: "C:\Users\Hp\eclipse-workspace\OpenCartV122\master.xml"
09:41:58.940 [main] INFO  org.testng.internal.Utils - [TestNG] Running:
  C:\Users\Hp\eclipse-workspace\OpenCartV122\master.xml

09:42:02.107 [main] DEBUG org.apache.poi.openxml4j.opc.PackageRelationshipCollection - Parsing relationship: /_rels/.rels
09:44:09.405 [main] DEBUG org.testng.TestNG - suiteXmlPath: "C:\Users\Hp\eclipse-workspace\OpenCartV122\master.xml"
09:44:09.812 [main] INFO  org.testng.internal.Utils - [TestNG] Running:
  C:\Users\Hp\eclipse-workspace\OpenCartV122\master.xml

09:44:12.917 [main] DEBUG org.apache.poi.openxml4j.opc.PackageRelationshipCollection - Parsing relationship: /xl/_rels/workbook.xml.rels
09:44:12.927 [main] DEBUG org.apache.poi.openxml4j.opc.PackageRelationshipCollection - Parsing relationship: /xl/worksheets/_rels/sheet1.xml.rels
09:44:12.931 [main] DEBUG org.apache.poi.openxml4j.opc.PackageRelationshipCollection - Parsing relationship: /_rels/.rels
09:44:13.607 [main] DEBUG org.apache.poi.openxml4j.opc.PackageRelationshipCollection - Parsing relationship: /xl/_rels/workbook.xml.rels
09:44:13.608 [main] DEBUG org.apache.poi.openxml4j.opc.PackageRelationshipCollection - Parsing relationship: /xl/worksheets/_rels/sheet1.xml.rels
09:44:13.610 [main] DEBUG org.apache.poi.openxml4j.opc.PackageRelationshipCollection - Parsing relationship: /_rels/.rels
09:44:13.650 [main] DEBUG org.apache.poi.openxml4j.opc.PackageRelationshipCollection - Parsing relationship: /xl/_rels/workbook.xml.rels
09:44:13.651 [main] DEBUG org.apache.poi.openxml4j.opc.PackageRelationshipCollection - Parsing relationship: /xl/worksheets/_rels/sheet1.xml.rels
09:44:13.653 [main] DEBUG org.apache.poi.openxml4j.opc.PackageRelationshipCollection - Parsing relationship: /_rels/.rels
09:44:13.697 [main] DEBUG org.apache.poi.openxml4j.opc.PackageRelationshipCollection - Parsing relationship: /xl/_rels/workbook.xml.rels
09:44:13.699 [main] DEBUG org.apache.poi.openxml4j.opc.PackageRelationshipCollection - Parsing relationship: /xl/worksheets/_rels/sheet1.xml.rels
09:44:13.700 [main] DEBUG org.apache.poi.openxml4j.opc.PackageRelationshipCollection - Parsing relationship: /_rels/.rels
09:44:13.731 [main] DEBUG org.apache.poi.openxml4j.opc.PackageRelationshipCollection - Parsing relationship: /xl/_rels/workbook.xml.rels
09:44:13.732 [main] DEBUG org.apache.poi.openxml4j.opc.PackageRelationshipCollection - Parsing relationship: /xl/worksheets/_rels/sheet1.xml.rels
09:44:13.733 [main] DEBUG org.apache.poi.openxml4j.opc.PackageRelationshipCollection - Parsing relationship: /_rels/.rels
09:44:13.763 [main] DEBUG org.apache.poi.openxml4j.opc.PackageRelationshipCollection - Parsing relationship: /xl/_rels/workbook.xml.rels
09:44:13.764 [main] DEBUG org.apache.poi.openxml4j.opc.PackageRelationshipCollection - Parsing relationship: /xl/worksheets/_rels/sheet1.xml.rels
09:44:13.766 [main] DEBUG org.apache.poi.openxml4j.opc.PackageRelationshipCollection - Parsing relationship: /_rels/.rels
09:44:13.793 [main] DEBUG org.apache.poi.openxml4j.opc.PackageRelationshipCollection - Parsing relationship: /xl/_rels/workbook.xml.rels
09:44:13.794 [main] DEBUG org.apache.poi.openxml4j.opc.PackageRelationshipCollection - Parsing relationship: /xl/worksheets/_rels/sheet1.xml.rels
09:44:13.795 [main] DEBUG org.apache.poi.openxml4j.opc.PackageRelationshipCollection - Parsing relationship: /_rels/.rels
09:44:13.822 [main] DEBUG org.apache.poi.openxml4j.opc.PackageRelationshipCollection - Parsing relationship: /xl/_rels/workbook.xml.rels
09:44:13.823 [main] DEBUG org.apache.poi.openxml4j.opc.PackageRelationshipCollection - Parsing relationship: /xl/worksheets/_rels/sheet1.xml.rels
09:44:13.825 [main] DEBUG org.apache.poi.openxml4j.opc.PackageRelationshipCollection - Parsing relationship: /_rels/.rels
09:44:13.856 [main] DEBUG org.apache.poi.openxml4j.opc.PackageRelationshipCollection - Parsing relationship: /xl/_rels/workbook.xml.rels
09:44:13.857 [main] DEBUG org.apache.poi.openxml4j.opc.PackageRelationshipCollection - Parsing relationship: /xl/worksheets/_rels/sheet1.xml.rels
09:44:13.858 [main] DEBUG org.apache.poi.openxml4j.opc.PackageRelationshipCollection - Parsing relationship: /_rels/.rels
09:44:13.884 [main] DEBUG org.apache.poi.openxml4j.opc.PackageRelationshipCollection - Parsing relationship: /xl/_rels/workbook.xml.rels
09:44:13.886 [main] DEBUG org.apache.poi.openxml4j.opc.PackageRelationshipCollection - Parsing relationship: /xl/worksheets/_rels/sheet1.xml.rels
09:44:13.887 [main] DEBUG org.apache.poi.openxml4j.opc.PackageRelationshipCollection - Parsing relationship: /_rels/.rels
09:44:13.918 [main] DEBUG org.apache.poi.openxml4j.opc.PackageRelationshipCollection - Parsing relationship: /xl/_rels/workbook.xml.rels
